-------------------------------------------------------------------------------
Test set: org.eclipse.recommenders.tests.models.MavenPomPropertiesStrategyTest
-------------------------------------------------------------------------------
Tests run: 12, Failures: 0, Errors: 0, Skipped: 0, Time elapsed: 0.11 sec
testValidPomProperties(org.eclipse.recommenders.tests.models.MavenPomPropertiesStrategyTest)  Time elapsed: 0.032 sectestValidPomPropertiesInWrongDirectory(org.eclipse.recommenders.tests.models.MavenPomPropertiesStrategyTest)  Time elapsed: 0.015 sectestInvalidArtifactIdInPomPropertiesFileName(org.eclipse.recommenders.tests.models.MavenPomPropertiesStrategyTest)  Time elapsed: 0 sectestInvalidArtifactIdAndGroudIdInFileName(org.eclipse.recommenders.tests.models.MavenPomPropertiesStrategyTest)  Time elapsed: 0.016 sectestNotApplicableTyp(org.eclipse.recommenders.tests.models.MavenPomPropertiesStrategyTest)  Time elapsed: 0 sectestValidPomPropertiesNotLocatedInMetaInfDirectory(org.eclipse.recommenders.tests.models.MavenPomPropertiesStrategyTest)  Time elapsed: 0.015 sectestJarContainMoreOneCorrectAndOneWrongPomPropertiesFindCorrectOneFirst(org.eclipse.recommenders.tests.models.MavenPomPropertiesStrategyTest)  Time elapsed: 0 sectestApplicabaleTypButNoFile(org.eclipse.recommenders.tests.models.MavenPomPropertiesStrategyTest)  Time elapsed: 0 sectestJarContainMoreOneCorrectAndOneWrongPomPropertiesFindWrongOneFirst(org.eclipse.recommenders.tests.models.MavenPomPropertiesStrategyTest)  Time elapsed: 0.016 sectestValidPomPropertiesInWrongDirectoryStructure(org.eclipse.recommenders.tests.models.MavenPomPropertiesStrategyTest)  Time elapsed: 0.016 sectestValidPomPropertiesMavenDirectoryMissing(org.eclipse.recommenders.tests.models.MavenPomPropertiesStrategyTest)  Time elapsed: 0 sectestInvalidFileNameEnding(org.eclipse.recommenders.tests.models.MavenPomPropertiesStrategyTest)  Time elapsed: 0 sec