-------------------------------------------------------------------------------
Test set: org.eclipse.recommenders.tests.models.MappingProviderTest
-------------------------------------------------------------------------------
Tests run: 12, Failures: 0, Errors: 0, Skipped: 0, Time elapsed: 0.11 sec
testSecondStrategyWins(org.eclipse.recommenders.tests.models.MappingProviderTest)  Time elapsed: 0.05 sectestManualMappingIsReturned(org.eclipse.recommenders.tests.models.MappingProviderTest)  Time elapsed: 0 sectestIsApplicableWithStrategies(org.eclipse.recommenders.tests.models.MappingProviderTest)  Time elapsed: 0.01 sectestMappingProviderWithMockedStrategy(org.eclipse.recommenders.tests.models.MappingProviderTest)  Time elapsed: 0.01 sectestCorrectOrderOfStrategiesWithAddStrategies(org.eclipse.recommenders.tests.models.MappingProviderTest)  Time elapsed: 0.01 sectestMappingCacheHitAtSecondTime(org.eclipse.recommenders.tests.models.MappingProviderTest)  Time elapsed: 0 sectestMappingProviderWithNoStrategy(org.eclipse.recommenders.tests.models.MappingProviderTest)  Time elapsed: 0 sectestCorrectOrderOfStrategiesWithSetStrategies(org.eclipse.recommenders.tests.models.MappingProviderTest)  Time elapsed: 0.01 sectestMappingCacheMissAtFirstTime(org.eclipse.recommenders.tests.models.MappingProviderTest)  Time elapsed: 0.01 sectestSetStrategiesSetStrategiesCorrect(org.eclipse.recommenders.tests.models.MappingProviderTest)  Time elapsed: 0.01 sectestIsApplicableWithoutStrategies(org.eclipse.recommenders.tests.models.MappingProviderTest)  Time elapsed: 0 sectestManualMappingWinsOverStrategies(org.eclipse.recommenders.tests.models.MappingProviderTest)  Time elapsed: 0 sec