-------------------------------------------------------------------------------
Test set: org.eclipse.recommenders.tests.models.MavenPomPropertiesStrategyTest
-------------------------------------------------------------------------------
Tests run: 12, Failures: 0, Errors: 0, Skipped: 0, Time elapsed: 0.112 sec
testValidPomProperties(org.eclipse.recommenders.tests.models.MavenPomPropertiesStrategyTest)  Time elapsed: 0.03 sectestValidPomPropertiesInWrongDirectory(org.eclipse.recommenders.tests.models.MavenPomPropertiesStrategyTest)  Time elapsed: 0.01 sectestInvalidArtifactIdInPomPropertiesFileName(org.eclipse.recommenders.tests.models.MavenPomPropertiesStrategyTest)  Time elapsed: 0.01 sectestInvalidArtifactIdAndGroudIdInFileName(org.eclipse.recommenders.tests.models.MavenPomPropertiesStrategyTest)  Time elapsed: 0.01 sectestNotApplicableTyp(org.eclipse.recommenders.tests.models.MavenPomPropertiesStrategyTest)  Time elapsed: 0 sectestValidPomPropertiesNotLocatedInMetaInfDirectory(org.eclipse.recommenders.tests.models.MavenPomPropertiesStrategyTest)  Time elapsed: 0.013 sectestJarContainMoreOneCorrectAndOneWrongPomPropertiesFindCorrectOneFirst(org.eclipse.recommenders.tests.models.MavenPomPropertiesStrategyTest)  Time elapsed: 0.011 sectestApplicabaleTypButNoFile(org.eclipse.recommenders.tests.models.MavenPomPropertiesStrategyTest)  Time elapsed: 0.004 sectestJarContainMoreOneCorrectAndOneWrongPomPropertiesFindWrongOneFirst(org.eclipse.recommenders.tests.models.MavenPomPropertiesStrategyTest)  Time elapsed: 0.004 sectestValidPomPropertiesInWrongDirectoryStructure(org.eclipse.recommenders.tests.models.MavenPomPropertiesStrategyTest)  Time elapsed: 0.01 sectestValidPomPropertiesMavenDirectoryMissing(org.eclipse.recommenders.tests.models.MavenPomPropertiesStrategyTest)  Time elapsed: 0.01 sectestInvalidFileNameEnding(org.eclipse.recommenders.tests.models.MavenPomPropertiesStrategyTest)  Time elapsed: 0 sec