-------------------------------------------------------------------------------
Test set: org.eclipse.recommenders.tests.models.FingerprintStrategyTest
-------------------------------------------------------------------------------
Tests run: 3, Failures: 0, Errors: 0, Skipped: 0, Time elapsed: 0.234 sec
testValidJAR(org.eclipse.recommenders.tests.models.FingerprintStrategyTest)  Time elapsed: 0.187 sectestMissingInformation(org.eclipse.recommenders.tests.models.FingerprintStrategyTest)  Time elapsed: 0 sectestInvalidDependencyType(org.eclipse.recommenders.tests.models.FingerprintStrategyTest)  Time elapsed: 0 sec