-------------------------------------------------------------------------------
Test set: org.eclipse.recommenders.tests.models.MappingProviderTest
-------------------------------------------------------------------------------
Tests run: 10, Failures: 0, Errors: 0, Skipped: 0, Time elapsed: 0.094 sec
testSecondStrategyWins(org.eclipse.recommenders.tests.models.MappingProviderTest)  Time elapsed: 0.047 sectestIsApplicableWithStrategies(org.eclipse.recommenders.tests.models.MappingProviderTest)  Time elapsed: 0.015 sectestMappingProviderWithMockedStrategy(org.eclipse.recommenders.tests.models.MappingProviderTest)  Time elapsed: 0 sectestCorrectOrderOfStrategiesWithAddStrategies(org.eclipse.recommenders.tests.models.MappingProviderTest)  Time elapsed: 0.016 sectestMappingCacheHitAtSecondTime(org.eclipse.recommenders.tests.models.MappingProviderTest)  Time elapsed: 0 sectestMappingProviderWithNoStrategy(org.eclipse.recommenders.tests.models.MappingProviderTest)  Time elapsed: 0 sectestCorrectOrderOfStrategiesWithSetStrategies(org.eclipse.recommenders.tests.models.MappingProviderTest)  Time elapsed: 0 sectestMappingCacheMissAtFirstTime(org.eclipse.recommenders.tests.models.MappingProviderTest)  Time elapsed: 0.016 sectestSetStrategiesSetStrategiesCorrect(org.eclipse.recommenders.tests.models.MappingProviderTest)  Time elapsed: 0 sectestIsApplicableWithoutStrategies(org.eclipse.recommenders.tests.models.MappingProviderTest)  Time elapsed: 0 sec