-------------------------------------------------------------------------------
Test set: org.eclipse.recommenders.tests.models.FingerprintStrategyTest
-------------------------------------------------------------------------------
Tests run: 3, Failures: 0, Errors: 0, Skipped: 0, Time elapsed: 0.249 sec
testValidJAR(org.eclipse.recommenders.tests.models.FingerprintStrategyTest)  Time elapsed: 0.203 sectestMissingInformation(org.eclipse.recommenders.tests.models.FingerprintStrategyTest)  Time elapsed: 0.015 sectestInvalidDependencyType(org.eclipse.recommenders.tests.models.FingerprintStrategyTest)  Time elapsed: 0 sec