<?xml version="1.0" encoding="UTF-8" ?>
<testsuite failures="0" time="0.109" errors="0" skipped="0" tests="10" name="org.eclipse.recommenders.tests.models.MappingProviderTest">
  <properties>
[...]
</properties>
  <testcase time="0.047" classname="org.eclipse.recommenders.tests.models.MappingProviderTest" name="testSecondStrategyWins"/>
  <testcase time="0.015" classname="org.eclipse.recommenders.tests.models.MappingProviderTest" name="testIsApplicableWithStrategies"/>
  <testcase time="0" classname="org.eclipse.recommenders.tests.models.MappingProviderTest" name="testMappingProviderWithMockedStrategy"/>
  <testcase time="0.016" classname="org.eclipse.recommenders.tests.models.MappingProviderTest" name="testCorrectOrderOfStrategiesWithAddStrategies"/>
  <testcase time="0" classname="org.eclipse.recommenders.tests.models.MappingProviderTest" name="testMappingCacheHitAtSecondTime"/>
  <testcase time="0" classname="org.eclipse.recommenders.tests.models.MappingProviderTest" name="testMappingProviderWithNoStrategy"/>
  <testcase time="0" classname="org.eclipse.recommenders.tests.models.MappingProviderTest" name="testCorrectOrderOfStrategiesWithSetStrategies"/>
  <testcase time="0.016" classname="org.eclipse.recommenders.tests.models.MappingProviderTest" name="testMappingCacheMissAtFirstTime"/>
  <testcase time="0" classname="org.eclipse.recommenders.tests.models.MappingProviderTest" name="testSetStrategiesSetStrategiesCorrect"/>
  <testcase time="0" classname="org.eclipse.recommenders.tests.models.MappingProviderTest" name="testIsApplicableWithoutStrategies"/>
</testsuite>